Performing C SOURCE FILE Test CMAKE_HAVE_LIBC_PTHREAD failed with the following output:
Change Dir: /media/thanhnv/01D4AD520429D180/UbuntuProjects/Slam_Basic/Ceres_Example/numerical_derivatives/CMakeFiles/CMakeTmp

Run Build Command(s):/usr/bin/make cmTC_476db/fast && /usr/bin/make -f CMakeFiles/cmTC_476db.dir/build.make CMakeFiles/cmTC_476db.dir/build
make[1]: Entering directory '/media/thanhnv/01D4AD520429D180/UbuntuProjects/Slam_Basic/Ceres_Example/numerical_derivatives/CMakeFiles/CMakeTmp'
Building C object CMakeFiles/cmTC_476db.dir/src.c.o
/usr/bin/cc   -DCMAKE_HAVE_LIBC_PTHREAD   -o CMakeFiles/cmTC_476db.dir/src.c.o   -c /media/thanhnv/01D4AD520429D180/UbuntuProjects/Slam_Basic/Ceres_Example/numerical_derivatives/CMakeFiles/CMakeTmp/src.c
Linking C executable cmTC_476db
/usr/local/bin/cmake -E cmake_link_script CMakeFiles/cmTC_476db.dir/link.txt --verbose=1
/usr/bin/cc  -DCMAKE_HAVE_LIBC_PTHREAD    -rdynamic CMakeFiles/cmTC_476db.dir/src.c.o  -o cmTC_476db 
CMakeFiles/cmTC_476db.dir/src.c.o: In function `main':
src.c:(.text+0x3c): undefined reference to `pthread_create'
src.c:(.text+0x48): undefined reference to `pthread_detach'
src.c:(.text+0x59): undefined reference to `pthread_join'
src.c:(.text+0x6d): undefined reference to `pthread_atfork'
collect2: error: ld returned 1 exit status
CMakeFiles/cmTC_476db.dir/build.make:86: recipe for target 'cmTC_476db' failed
make[1]: *** [cmTC_476db] Error 1
make[1]: Leaving directory '/media/thanhnv/01D4AD520429D180/UbuntuProjects/Slam_Basic/Ceres_Example/numerical_derivatives/CMakeFiles/CMakeTmp'
Makefile:121: recipe for target 'cmTC_476db/fast' failed
make: *** [cmTC_476db/fast] Error 2


Source file was:
#include <pthread.h>

void* test_func(void* data)
{
  return data;
}

int main(void)
{
  pthread_t thread;
  pthread_create(&thread, NULL, test_func, NULL);
  pthread_detach(thread);
  pthread_join(thread, NULL);
  pthread_atfork(NULL, NULL, NULL);
  pthread_exit(NULL);

  return 0;
}

Determining if the function pthread_create exists in the pthreads failed with the following output:
Change Dir: /media/thanhnv/01D4AD520429D180/UbuntuProjects/Slam_Basic/Ceres_Example/numerical_derivatives/CMakeFiles/CMakeTmp

Run Build Command(s):/usr/bin/make cmTC_6f9ec/fast && /usr/bin/make -f CMakeFiles/cmTC_6f9ec.dir/build.make CMakeFiles/cmTC_6f9ec.dir/build
make[1]: Entering directory '/media/thanhnv/01D4AD520429D180/UbuntuProjects/Slam_Basic/Ceres_Example/numerical_derivatives/CMakeFiles/CMakeTmp'
Building C object CMakeFiles/cmTC_6f9ec.dir/CheckFunctionExists.c.o
/usr/bin/cc   -DCHECK_FUNCTION_EXISTS=pthread_create   -o CMakeFiles/cmTC_6f9ec.dir/CheckFunctionExists.c.o   -c /usr/local/share/cmake-3.15/Modules/CheckFunctionExists.c
Linking C executable cmTC_6f9ec
/usr/local/bin/cmake -E cmake_link_script CMakeFiles/cmTC_6f9ec.dir/link.txt --verbose=1
/usr/bin/cc  -DCHECK_FUNCTION_EXISTS=pthread_create    -rdynamic CMakeFiles/cmTC_6f9ec.dir/CheckFunctionExists.c.o  -o cmTC_6f9ec -lpthreads 
/usr/bin/ld: cannot find -lpthreads
collect2: error: ld returned 1 exit status
CMakeFiles/cmTC_6f9ec.dir/build.make:86: recipe for target 'cmTC_6f9ec' failed
make[1]: *** [cmTC_6f9ec] Error 1
make[1]: Leaving directory '/media/thanhnv/01D4AD520429D180/UbuntuProjects/Slam_Basic/Ceres_Example/numerical_derivatives/CMakeFiles/CMakeTmp'
Makefile:121: recipe for target 'cmTC_6f9ec/fast' failed
make: *** [cmTC_6f9ec/fast] Error 2



