Performing C SOURCE FILE Test CMAKE_HAVE_LIBC_PTHREAD failed with the following output:
Change Dir: /media/thanhnv/01D4AD520429D180/UbuntuProjects/Slam_Basic/Book/Chapter_6/CMakeFiles/CMakeTmp

Run Build Command(s):/usr/bin/make cmTC_89f12/fast && /usr/bin/make -f CMakeFiles/cmTC_89f12.dir/build.make CMakeFiles/cmTC_89f12.dir/build
make[1]: Entering directory '/media/thanhnv/01D4AD520429D180/UbuntuProjects/Slam_Basic/Book/Chapter_6/CMakeFiles/CMakeTmp'
Building C object CMakeFiles/cmTC_89f12.dir/src.c.o
/usr/bin/cc   -DCMAKE_HAVE_LIBC_PTHREAD   -o CMakeFiles/cmTC_89f12.dir/src.c.o   -c /media/thanhnv/01D4AD520429D180/UbuntuProjects/Slam_Basic/Book/Chapter_6/CMakeFiles/CMakeTmp/src.c
Linking C executable cmTC_89f12
/usr/local/bin/cmake -E cmake_link_script CMakeFiles/cmTC_89f12.dir/link.txt --verbose=1
/usr/bin/cc  -DCMAKE_HAVE_LIBC_PTHREAD    -rdynamic CMakeFiles/cmTC_89f12.dir/src.c.o  -o cmTC_89f12 
CMakeFiles/cmTC_89f12.dir/src.c.o: In function `main':
src.c:(.text+0x3c): undefined reference to `pthread_create'
src.c:(.text+0x48): undefined reference to `pthread_detach'
src.c:(.text+0x59): undefined reference to `pthread_join'
src.c:(.text+0x6d): undefined reference to `pthread_atfork'
collect2: error: ld returned 1 exit status
CMakeFiles/cmTC_89f12.dir/build.make:86: recipe for target 'cmTC_89f12' failed
make[1]: *** [cmTC_89f12] Error 1
make[1]: Leaving directory '/media/thanhnv/01D4AD520429D180/UbuntuProjects/Slam_Basic/Book/Chapter_6/CMakeFiles/CMakeTmp'
Makefile:121: recipe for target 'cmTC_89f12/fast' failed
make: *** [cmTC_89f12/fast] Error 2


Source file was:
#include <pthread.h>

void* test_func(void* data)
{
  return data;
}

int main(void)
{
  pthread_t thread;
  pthread_create(&thread, NULL, test_func, NULL);
  pthread_detach(thread);
  pthread_join(thread, NULL);
  pthread_atfork(NULL, NULL, NULL);
  pthread_exit(NULL);

  return 0;
}

Determining if the function pthread_create exists in the pthreads failed with the following output:
Change Dir: /media/thanhnv/01D4AD520429D180/UbuntuProjects/Slam_Basic/Book/Chapter_6/CMakeFiles/CMakeTmp

Run Build Command(s):/usr/bin/make cmTC_a9a90/fast && /usr/bin/make -f CMakeFiles/cmTC_a9a90.dir/build.make CMakeFiles/cmTC_a9a90.dir/build
make[1]: Entering directory '/media/thanhnv/01D4AD520429D180/UbuntuProjects/Slam_Basic/Book/Chapter_6/CMakeFiles/CMakeTmp'
Building C object CMakeFiles/cmTC_a9a90.dir/CheckFunctionExists.c.o
/usr/bin/cc   -DCHECK_FUNCTION_EXISTS=pthread_create   -o CMakeFiles/cmTC_a9a90.dir/CheckFunctionExists.c.o   -c /usr/local/share/cmake-3.15/Modules/CheckFunctionExists.c
Linking C executable cmTC_a9a90
/usr/local/bin/cmake -E cmake_link_script CMakeFiles/cmTC_a9a90.dir/link.txt --verbose=1
/usr/bin/cc  -DCHECK_FUNCTION_EXISTS=pthread_create    -rdynamic CMakeFiles/cmTC_a9a90.dir/CheckFunctionExists.c.o  -o cmTC_a9a90 -lpthreads 
/usr/bin/ld: cannot find -lpthreads
collect2: error: ld returned 1 exit status
CMakeFiles/cmTC_a9a90.dir/build.make:86: recipe for target 'cmTC_a9a90' failed
make[1]: *** [cmTC_a9a90] Error 1
make[1]: Leaving directory '/media/thanhnv/01D4AD520429D180/UbuntuProjects/Slam_Basic/Book/Chapter_6/CMakeFiles/CMakeTmp'
Makefile:121: recipe for target 'cmTC_a9a90/fast' failed
make: *** [cmTC_a9a90/fast] Error 2



Performing C SOURCE FILE Test CMAKE_HAVE_LIBC_PTHREAD failed with the following output:
Change Dir: /media/thanhnv/01D4AD520429D180/UbuntuProjects/Slam_Basic/Book/Chapter_6/CMakeFiles/CMakeTmp

Run Build Command(s):/usr/bin/make cmTC_2ed4d/fast && /usr/bin/make -f CMakeFiles/cmTC_2ed4d.dir/build.make CMakeFiles/cmTC_2ed4d.dir/build
make[1]: Entering directory '/media/thanhnv/01D4AD520429D180/UbuntuProjects/Slam_Basic/Book/Chapter_6/CMakeFiles/CMakeTmp'
Building C object CMakeFiles/cmTC_2ed4d.dir/src.c.o
/usr/bin/cc   -DCMAKE_HAVE_LIBC_PTHREAD   -o CMakeFiles/cmTC_2ed4d.dir/src.c.o   -c /media/thanhnv/01D4AD520429D180/UbuntuProjects/Slam_Basic/Book/Chapter_6/CMakeFiles/CMakeTmp/src.c
Linking C executable cmTC_2ed4d
/usr/local/bin/cmake -E cmake_link_script CMakeFiles/cmTC_2ed4d.dir/link.txt --verbose=1
/usr/bin/cc  -DCMAKE_HAVE_LIBC_PTHREAD    -rdynamic CMakeFiles/cmTC_2ed4d.dir/src.c.o  -o cmTC_2ed4d 
CMakeFiles/cmTC_2ed4d.dir/src.c.o: In function `main':
src.c:(.text+0x3c): undefined reference to `pthread_create'
src.c:(.text+0x48): undefined reference to `pthread_detach'
src.c:(.text+0x59): undefined reference to `pthread_join'
src.c:(.text+0x6d): undefined reference to `pthread_atfork'
collect2: error: ld returned 1 exit status
CMakeFiles/cmTC_2ed4d.dir/build.make:86: recipe for target 'cmTC_2ed4d' failed
make[1]: *** [cmTC_2ed4d] Error 1
make[1]: Leaving directory '/media/thanhnv/01D4AD520429D180/UbuntuProjects/Slam_Basic/Book/Chapter_6/CMakeFiles/CMakeTmp'
Makefile:121: recipe for target 'cmTC_2ed4d/fast' failed
make: *** [cmTC_2ed4d/fast] Error 2


Source file was:
#include <pthread.h>

void* test_func(void* data)
{
  return data;
}

int main(void)
{
  pthread_t thread;
  pthread_create(&thread, NULL, test_func, NULL);
  pthread_detach(thread);
  pthread_join(thread, NULL);
  pthread_atfork(NULL, NULL, NULL);
  pthread_exit(NULL);

  return 0;
}

Determining if the function pthread_create exists in the pthreads failed with the following output:
Change Dir: /media/thanhnv/01D4AD520429D180/UbuntuProjects/Slam_Basic/Book/Chapter_6/CMakeFiles/CMakeTmp

Run Build Command(s):/usr/bin/make cmTC_722bc/fast && /usr/bin/make -f CMakeFiles/cmTC_722bc.dir/build.make CMakeFiles/cmTC_722bc.dir/build
make[1]: Entering directory '/media/thanhnv/01D4AD520429D180/UbuntuProjects/Slam_Basic/Book/Chapter_6/CMakeFiles/CMakeTmp'
Building C object CMakeFiles/cmTC_722bc.dir/CheckFunctionExists.c.o
/usr/bin/cc   -DCHECK_FUNCTION_EXISTS=pthread_create   -o CMakeFiles/cmTC_722bc.dir/CheckFunctionExists.c.o   -c /usr/local/share/cmake-3.15/Modules/CheckFunctionExists.c
Linking C executable cmTC_722bc
/usr/local/bin/cmake -E cmake_link_script CMakeFiles/cmTC_722bc.dir/link.txt --verbose=1
/usr/bin/cc  -DCHECK_FUNCTION_EXISTS=pthread_create    -rdynamic CMakeFiles/cmTC_722bc.dir/CheckFunctionExists.c.o  -o cmTC_722bc -lpthreads 
/usr/bin/ld: cannot find -lpthreads
collect2: error: ld returned 1 exit status
CMakeFiles/cmTC_722bc.dir/build.make:86: recipe for target 'cmTC_722bc' failed
make[1]: *** [cmTC_722bc] Error 1
make[1]: Leaving directory '/media/thanhnv/01D4AD520429D180/UbuntuProjects/Slam_Basic/Book/Chapter_6/CMakeFiles/CMakeTmp'
Makefile:121: recipe for target 'cmTC_722bc/fast' failed
make: *** [cmTC_722bc/fast] Error 2



