Determining if the pthread_create exist failed with the following output:
Change Dir: /media/thanh/New Volume/ceres/CMakeFiles/CMakeTmp

Run Build Command:"/usr/bin/make" "cmTC_08100/fast"
/usr/bin/make -f CMakeFiles/cmTC_08100.dir/build.make CMakeFiles/cmTC_08100.dir/build
make[1]: Entering directory '/media/thanh/New Volume/ceres/CMakeFiles/CMakeTmp'
Building C object CMakeFiles/cmTC_08100.dir/CheckSymbolExists.c.o
/usr/bin/cc     -o CMakeFiles/cmTC_08100.dir/CheckSymbolExists.c.o   -c "/media/thanh/New Volume/ceres/CMakeFiles/CMakeTmp/CheckSymbolExists.c"
Linking C executable cmTC_08100
/usr/bin/cmake -E cmake_link_script CMakeFiles/cmTC_08100.dir/link.txt --verbose=1
/usr/bin/cc       CMakeFiles/cmTC_08100.dir/CheckSymbolExists.c.o  -o cmTC_08100 -rdynamic 
CMakeFiles/cmTC_08100.dir/CheckSymbolExists.c.o: In function `main':
CheckSymbolExists.c:(.text+0x16): undefined reference to `pthread_create'
collect2: error: ld returned 1 exit status
CMakeFiles/cmTC_08100.dir/build.make:97: recipe for target 'cmTC_08100' failed
make[1]: *** [cmTC_08100] Error 1
make[1]: Leaving directory '/media/thanh/New Volume/ceres/CMakeFiles/CMakeTmp'
Makefile:126: recipe for target 'cmTC_08100/fast' failed
make: *** [cmTC_08100/fast] Error 2

File /media/thanh/New Volume/ceres/CMakeFiles/CMakeTmp/CheckSymbolExists.c:
/* */
#include <pthread.h>

int main(int argc, char** argv)
{
  (void)argv;
#ifndef pthread_create
  return ((int*)(&pthread_create))[argc];
#else
  (void)argc;
  return 0;
#endif
}

Determining if the function pthread_create exists in the pthreads failed with the following output:
Change Dir: /media/thanh/New Volume/ceres/CMakeFiles/CMakeTmp

Run Build Command:"/usr/bin/make" "cmTC_e0a19/fast"
/usr/bin/make -f CMakeFiles/cmTC_e0a19.dir/build.make CMakeFiles/cmTC_e0a19.dir/build
make[1]: Entering directory '/media/thanh/New Volume/ceres/CMakeFiles/CMakeTmp'
Building C object CMakeFiles/cmTC_e0a19.dir/CheckFunctionExists.c.o
/usr/bin/cc    -DCHECK_FUNCTION_EXISTS=pthread_create   -o CMakeFiles/cmTC_e0a19.dir/CheckFunctionExists.c.o   -c /usr/share/cmake-3.5/Modules/CheckFunctionExists.c
Linking C executable cmTC_e0a19
/usr/bin/cmake -E cmake_link_script CMakeFiles/cmTC_e0a19.dir/link.txt --verbose=1
/usr/bin/cc   -DCHECK_FUNCTION_EXISTS=pthread_create    CMakeFiles/cmTC_e0a19.dir/CheckFunctionExists.c.o  -o cmTC_e0a19 -rdynamic -lpthreads 
/usr/bin/ld: cannot find -lpthreads
collect2: error: ld returned 1 exit status
CMakeFiles/cmTC_e0a19.dir/build.make:97: recipe for target 'cmTC_e0a19' failed
make[1]: *** [cmTC_e0a19] Error 1
make[1]: Leaving directory '/media/thanh/New Volume/ceres/CMakeFiles/CMakeTmp'
Makefile:126: recipe for target 'cmTC_e0a19/fast' failed
make: *** [cmTC_e0a19/fast] Error 2


